{
  "RSpec": {
    "coverage": {
      "/home/directory/app/models/address.rb": [
        null,
        null,
        null,
        null,
        null,
        1,
        null,
        1,
        null,
        null,
        1,
        1,
        1,
        1,
        1,
        null,
        null,
        1,
        2,
        null,
        null
      ],
      "/home/directory/app/models/application_record.rb": [
        null,
        1,
        1,
        null
      ],
      "/home/directory/app/models/building.rb": [
        null,
        null,
        null,
        null,
        null,
        1,
        null,
        1,
        null,
        null,
        null,
        null,
        1,
        null,
        null,
        null,
        1,
        1,
        1,
        1,
        null,
        null,
        1,
        1,
        1,
        1,
        null,
        null,
        1,
        null,
        null,
        1,
        1,
        null,
        null,
        1,
        null,
        null,
        null,
        null,
        null,
        null,
        null,
        null,
        null,
        1,
        27,
        null,
        null,
        null,
        null,
        null,
        null,
        null,
        null
      ],
      "/home/directory/app/models/concerns/imageable.rb": [
        null,
        null,
        null,
        null,
        null,
        1,
        1,
        null,
        1,
        3,
        null,
        null,
        null,
        null,
        null,
        null,
        null,
        null,
        1,
        12,
        null,
        null
      ],
      "/home/directory/app/uploaders/image_uploader.rb": [
        null,
        null,
        null,
        null,
        null,
        1,
        1,
        1,
        null,
        null,
        1,
        72,
        null,
        null,
        null,
        1,
        60,
        null,
        null,
        null,
        1,
        24,
        null,
        null,
        null,
        1,
        null,
        null,
        1,
        1,
        null,
        null,
        null,
        1,
        72,
        null,
        null
      ],
      "/home/directory/app/models/concerns/searchable.rb": [
        null,
        null,
        null,
        null,
        null,
        1,
        1,
        null,
        1,
        3,
        null,
        3,
        null,
        null,
        3,
        null,
        null,
        3,
        39,
        null,
        null,
        null,
        3,
        7,
        7,
        null,
        null,
        null,
        3,
        3,
        null,
        null,
        null
      ],
      "/home/directory/app/models/department.rb": [
        null,
        null,
        null,
        null,
        null,
        1,
        null,
        1,
        null,
        null,
        null,
        1,
        null,
        null,
        null,
        1,
        1,
        1,
        null,
        1,
        1,
        null,
        null,
        1,
        null,
        null,
        1,
        1,
        null,
        null,
        1,
        null,
        null,
        1,
        13,
        null,
        null,
        null,
        1,
        null,
        null,
        null,
        null,
        null,
        null,
        null,
        null,
        null,
        1,
        13,
        null,
        null,
        null,
        null,
        null,
        null,
        null,
        null,
        null
      ],
      "/home/directory/app/models/departmentable.rb": [
        1,
        1,
        1,
        null
      ],
      "/home/directory/app/models/employee.rb": [
        null,
        null,
        null,
        null,
        null,
        null,
        null,
        1,
        null,
        1,
        null,
        null,
        null,
        1,
        null,
        null,
        null,
        1,
        null,
        null,
        1,
        1,
        1,
        1,
        1,
        1,
        null,
        null,
        1,
        1,
        null,
        null,
        1,
        1,
        null,
        null,
        1,
        null,
        null,
        null,
        null,
        null,
        null,
        1,
        17,
        null,
        null,
        null,
        null,
        null,
        null,
        null,
        null,
        null,
        null,
        null
      ],
      "/home/directory/app/models/user.rb": [
        null,
        null,
        null,
        null,
        null,
        1,
        null,
        1,
        1,
        1,
        null,
        1,
        1,
        null,
        null,
        null,
        null,
        1,
        1,
        null,
        null,
        1,
        19,
        18,
        null,
        1,
        null,
        null,
        null,
        1,
        5,
        null,
        null,
        1,
        5,
        null,
        null,
        null,
        1,
        54,
        54,
        null,
        null
      ],
      "/home/directory/app/models/floor.rb": [
        null,
        null,
        null,
        null,
        null,
        1,
        null,
        1,
        null,
        null,
        1,
        null,
        null,
        null,
        null,
        null,
        1,
        null
      ],
      "/home/directory/app/models/phone.rb": [
        null,
        null,
        null,
        null,
        null,
        1,
        null,
        1,
        null,
        null,
        null,
        1,
        null,
        null,
        1,
        null
      ],
      "/home/directory/app/models/service_point.rb": [
        1,
        null,
        1,
        null,
        null,
        null,
        null,
        1,
        1,
        null,
        null,
        1,
        null
      ],
      "/home/directory/app/models/subject.rb": [
        null,
        null,
        null,
        null,
        null,
        1,
        null,
        1,
        null,
        null,
        null,
        null,
        1,
        1,
        null
      ],
      "/home/directory/app/models/subjectable.rb": [
        1,
        1,
        1,
        null
      ]
    },
    "timestamp": 1538589088
  }
}
